<?xml version="1.0" encoding="UTF-8"?>
<testng-results skipped="0" failed="0" ignored="0" total="1" passed="1">
  <reporter-output>
  </reporter-output>
  <suite name="All Test Suite" duration-ms="10042" started-at="2019-09-11T11:45:40 CST" finished-at="2019-09-11T11:45:50 CST">
    <groups>
    </groups>
    <test name="E:/project/testNG-demo" duration-ms="10042" started-at="2019-09-11T11:45:40 CST" finished-at="2019-09-11T11:45:50 CST">
      <class name="top.timebook.SeleniumGridParalleTestCase">
        <test-method status="PASS" signature="beforeClass()[pri:0, instance:top.timebook.SeleniumGridParalleTestCase@490ab905]" name="beforeClass" is-config="true" duration-ms="4162" started-at="2019-09-11T11:45:40 CST" finished-at="2019-09-11T11:45:44 CST">
          <reporter-output>
          </reporter-output>
        </test-method> <!-- beforeClass -->
        <test-method status="PASS" signature="webListenerTest()[pri:0, instance:top.timebook.SeleniumGridParalleTestCase@490ab905]" name="webListenerTest" duration-ms="5215" started-at="2019-09-11T11:45:44 CST" finished-at="2019-09-11T11:45:49 CST">
          <reporter-output>
          </reporter-output>
        </test-method> <!-- webListenerTest -->
        <test-method status="PASS" signature="afterClass()[pri:0, instance:top.timebook.SeleniumGridParalleTestCase@490ab905]" name="afterClass" is-config="true" duration-ms="643" started-at="2019-09-11T11:45:49 CST" finished-at="2019-09-11T11:45:50 CST">
          <reporter-output>
          </reporter-output>
        </test-method> <!-- afterClass -->
      </class> <!-- top.timebook.SeleniumGridParalleTestCase -->
    </test> <!-- E:/project/testNG-demo -->
  </suite> <!-- All Test Suite -->
</testng-results>
